<?xml version="1.0" encoding="UTF-8"?>
<!-- Generated by org.testng.reporters.JUnitReportReporter -->
<testsuite hostname="Priyam" failures="0" tests="3" name="com.datadriven.framework.test.LoginTest.loginTest" time="63.269" errors="0" timestamp="2020-11-05T17:46:54 IST" skipped="0">
  <testcase classname="com.datadriven.framework.test.LoginTest.loginTest" name="testTwo" time="10.886"/>
  <system-out/>
  <testcase classname="com.datadriven.framework.test.LoginTest.loginTest" name="testOne" time="33.289"/>
  <system-out/>
  <testcase classname="com.datadriven.framework.test.LoginTest.loginTest" name="testThree" time="19.094"/>
  <system-out/>
</testsuite> <!-- com.datadriven.framework.test.LoginTest.loginTest -->
